2024-10-31 15:52:56,835 CRIT Supervisor is running as root.  Privileges were not dropped because no user is specified in the config file.  If you intend to run as root, you can set user=root in the config file to avoid this message.
2024-10-31 15:52:56,841 INFO supervisord started with pid 1
2024-10-31 15:52:57,845 INFO spawnerr: can't find command 'nginx'
2024-10-31 15:52:57,848 INFO spawned: 'php-fpm' with pid 7
2024-10-31 15:52:58,894 INFO spawnerr: can't find command 'nginx'
2024-10-31 15:52:58,895 INFO success: php-fpm entered RUNNING state, process has stayed up for > than 1 seconds (startsecs)
2024-10-31 15:53:00,902 INFO spawnerr: can't find command 'nginx'
2024-10-31 15:53:03,908 INFO spawnerr: can't find command 'nginx'
2024-10-31 15:53:03,909 INFO gave up: nginx entered FATAL state, too many start retries too quickly
2024-10-31 15:56:31,173 WARN received SIGQUIT indicating exit request
2024-10-31 15:56:31,175 INFO waiting for php-fpm to die
2024-10-31 15:56:31,187 INFO stopped: php-fpm (exit status 0)
2024-10-31 16:06:55,587 CRIT Supervisor is running as root.  Privileges were not dropped because no user is specified in the config file.  If you intend to run as root, you can set user=root in the config file to avoid this message.
2024-10-31 16:06:55,593 INFO supervisord started with pid 1
2024-10-31 16:06:56,595 INFO spawned: 'nginx' with pid 7
2024-10-31 16:06:56,597 INFO spawned: 'php-fpm' with pid 8
2024-10-31 16:06:56,601 WARN exited: nginx (exit status 1; not expected)
2024-10-31 16:06:57,645 INFO spawned: 'nginx' with pid 11
2024-10-31 16:06:57,646 INFO success: php-fpm entered RUNNING state, process has stayed up for > than 1 seconds (startsecs)
2024-10-31 16:06:57,652 WARN exited: nginx (exit status 1; not expected)
2024-10-31 16:06:59,657 INFO spawned: 'nginx' with pid 12
2024-10-31 16:06:59,662 WARN exited: nginx (exit status 1; not expected)
2024-10-31 16:07:02,668 INFO spawned: 'nginx' with pid 13
2024-10-31 16:07:02,675 WARN exited: nginx (exit status 1; not expected)
2024-10-31 16:07:03,677 INFO gave up: nginx entered FATAL state, too many start retries too quickly
2024-10-31 16:11:02,979 WARN received SIGQUIT indicating exit request
2024-10-31 16:11:02,981 INFO waiting for php-fpm to die
2024-10-31 16:11:02,987 INFO stopped: php-fpm (exit status 0)
2024-10-31 16:12:56,626 CRIT Supervisor is running as root.  Privileges were not dropped because no user is specified in the config file.  If you intend to run as root, you can set user=root in the config file to avoid this message.
2024-10-31 16:12:56,632 INFO supervisord started with pid 1
2024-10-31 16:12:57,634 INFO spawnerr: can't find command 'nginx'
2024-10-31 16:12:57,636 INFO spawned: 'php-fpm' with pid 7
2024-10-31 16:12:58,658 INFO spawnerr: can't find command 'nginx'
2024-10-31 16:12:58,659 INFO success: php-fpm entered RUNNING state, process has stayed up for > than 1 seconds (startsecs)
2024-10-31 16:13:00,663 INFO spawnerr: can't find command 'nginx'
2024-10-31 16:13:03,668 INFO spawnerr: can't find command 'nginx'
2024-10-31 16:13:03,669 INFO gave up: nginx entered FATAL state, too many start retries too quickly
2024-10-31 16:13:10,677 WARN received SIGQUIT indicating exit request
2024-10-31 16:13:10,678 INFO waiting for php-fpm to die
2024-10-31 16:13:10,681 INFO stopped: php-fpm (exit status 0)
2024-10-31 16:13:48,172 CRIT Supervisor is running as root.  Privileges were not dropped because no user is specified in the config file.  If you intend to run as root, you can set user=root in the config file to avoid this message.
2024-10-31 16:13:48,178 INFO supervisord started with pid 1
2024-10-31 16:13:49,179 INFO spawnerr: can't find command 'nginx'
2024-10-31 16:13:49,182 INFO spawned: 'php-fpm' with pid 7
2024-10-31 16:13:50,211 INFO spawnerr: can't find command 'nginx'
2024-10-31 16:13:50,212 INFO success: php-fpm entered RUNNING state, process has stayed up for > than 1 seconds (startsecs)
2024-10-31 16:13:52,217 INFO spawnerr: can't find command 'nginx'
2024-10-31 16:13:55,224 INFO spawnerr: can't find command 'nginx'
2024-10-31 16:13:55,225 INFO gave up: nginx entered FATAL state, too many start retries too quickly
2024-10-31 16:15:59,774 CRIT Supervisor is running as root.  Privileges were not dropped because no user is specified in the config file.  If you intend to run as root, you can set user=root in the config file to avoid this message.
2024-10-31 16:15:59,780 INFO supervisord started with pid 1
2024-10-31 16:16:00,786 INFO spawned: 'nginx' with pid 7
2024-10-31 16:16:00,793 INFO spawned: 'php-fpm' with pid 8
2024-10-31 16:16:00,796 WARN exited: nginx (exit status 1; not expected)
2024-10-31 16:16:01,840 INFO spawned: 'nginx' with pid 11
2024-10-31 16:16:01,845 INFO success: php-fpm entered RUNNING state, process has stayed up for > than 1 seconds (startsecs)
2024-10-31 16:16:01,852 WARN exited: nginx (exit status 1; not expected)
2024-10-31 16:16:03,859 INFO spawned: 'nginx' with pid 12
2024-10-31 16:16:03,872 WARN exited: nginx (exit status 1; not expected)
2024-10-31 16:16:06,877 INFO spawned: 'nginx' with pid 13
2024-10-31 16:16:06,883 WARN exited: nginx (exit status 1; not expected)
2024-10-31 16:16:07,885 INFO gave up: nginx entered FATAL state, too many start retries too quickly
2024-10-31 16:18:08,039 WARN received SIGQUIT indicating exit request
2024-10-31 16:18:08,040 INFO waiting for php-fpm to die
2024-10-31 16:18:08,051 INFO stopped: php-fpm (exit status 0)
2024-10-31 16:22:55,150 CRIT Supervisor is running as root.  Privileges were not dropped because no user is specified in the config file.  If you intend to run as root, you can set user=root in the config file to avoid this message.
2024-10-31 16:22:55,154 INFO supervisord started with pid 1
2024-10-31 16:22:56,158 INFO spawned: 'nginx' with pid 7
2024-10-31 16:22:56,166 INFO spawned: 'php-fpm' with pid 8
2024-10-31 16:22:56,167 WARN exited: nginx (exit status 1; not expected)
2024-10-31 16:22:57,211 INFO spawned: 'nginx' with pid 11
2024-10-31 16:22:57,213 INFO success: php-fpm entered RUNNING state, process has stayed up for > than 1 seconds (startsecs)
2024-10-31 16:22:57,218 WARN exited: nginx (exit status 1; not expected)
2024-10-31 16:22:59,224 INFO spawned: 'nginx' with pid 12
2024-10-31 16:22:59,229 WARN exited: nginx (exit status 1; not expected)
2024-10-31 16:23:02,237 INFO spawned: 'nginx' with pid 13
2024-10-31 16:23:02,246 WARN exited: nginx (exit status 1; not expected)
2024-10-31 16:23:03,249 INFO gave up: nginx entered FATAL state, too many start retries too quickly
2024-10-31 16:27:50,620 WARN received SIGQUIT indicating exit request
2024-10-31 16:27:50,621 INFO waiting for php-fpm to die
2024-10-31 16:27:50,624 INFO stopped: php-fpm (exit status 0)
2024-10-31 16:29:45,384 CRIT Supervisor is running as root.  Privileges were not dropped because no user is specified in the config file.  If you intend to run as root, you can set user=root in the config file to avoid this message.
2024-10-31 16:29:45,389 INFO supervisord started with pid 1
2024-10-31 16:29:46,393 INFO spawned: 'nginx' with pid 7
2024-10-31 16:29:46,395 INFO spawned: 'php-fpm' with pid 8
2024-10-31 16:29:46,398 WARN exited: nginx (exit status 1; not expected)
2024-10-31 16:29:47,417 INFO spawned: 'nginx' with pid 11
2024-10-31 16:29:47,420 INFO success: php-fpm entered RUNNING state, process has stayed up for > than 1 seconds (startsecs)
2024-10-31 16:29:47,428 WARN exited: nginx (exit status 1; not expected)
2024-10-31 16:29:49,433 INFO spawned: 'nginx' with pid 12
2024-10-31 16:29:49,437 WARN exited: nginx (exit status 1; not expected)
2024-10-31 16:29:52,445 INFO spawned: 'nginx' with pid 13
2024-10-31 16:29:52,453 WARN exited: nginx (exit status 1; not expected)
2024-10-31 16:29:53,456 INFO gave up: nginx entered FATAL state, too many start retries too quickly
2024-10-31 16:32:36,666 WARN received SIGQUIT indicating exit request
2024-10-31 16:32:36,667 INFO waiting for php-fpm to die
2024-10-31 16:32:36,679 INFO stopped: php-fpm (exit status 0)
2024-10-31 16:33:53,971 CRIT Supervisor is running as root.  Privileges were not dropped because no user is specified in the config file.  If you intend to run as root, you can set user=root in the config file to avoid this message.
2024-10-31 16:33:53,976 INFO supervisord started with pid 1
2024-10-31 16:33:54,980 INFO spawned: 'nginx' with pid 7
2024-10-31 16:33:54,984 INFO spawned: 'php-fpm' with pid 8
2024-10-31 16:33:54,994 WARN exited: nginx (exit status 1; not expected)
2024-10-31 16:33:56,011 INFO spawned: 'nginx' with pid 11
2024-10-31 16:33:56,017 INFO success: php-fpm entered RUNNING state, process has stayed up for > than 1 seconds (startsecs)
2024-10-31 16:33:56,033 WARN exited: nginx (exit status 1; not expected)
2024-10-31 16:33:58,039 INFO spawned: 'nginx' with pid 12
2024-10-31 16:33:58,048 WARN exited: nginx (exit status 1; not expected)
2024-10-31 16:34:01,054 INFO spawned: 'nginx' with pid 13
2024-10-31 16:34:01,066 WARN exited: nginx (exit status 1; not expected)
2024-10-31 16:34:02,069 INFO gave up: nginx entered FATAL state, too many start retries too quickly
2024-10-31 16:36:22,535 WARN received SIGQUIT indicating exit request
2024-10-31 16:36:22,536 INFO waiting for php-fpm to die
2024-10-31 16:36:22,551 INFO stopped: php-fpm (exit status 0)
2024-10-31 16:37:54,623 CRIT Supervisor is running as root.  Privileges were not dropped because no user is specified in the config file.  If you intend to run as root, you can set user=root in the config file to avoid this message.
2024-10-31 16:37:54,629 INFO supervisord started with pid 1
2024-10-31 16:37:55,632 INFO spawned: 'nginx' with pid 7
2024-10-31 16:37:55,635 INFO spawned: 'php-fpm' with pid 8
2024-10-31 16:37:55,639 WARN exited: nginx (exit status 1; not expected)
2024-10-31 16:37:56,667 INFO spawned: 'nginx' with pid 11
2024-10-31 16:37:56,668 INFO success: php-fpm entered RUNNING state, process has stayed up for > than 1 seconds (startsecs)
2024-10-31 16:37:56,675 WARN exited: nginx (exit status 1; not expected)
2024-10-31 16:37:58,679 INFO spawned: 'nginx' with pid 12
2024-10-31 16:37:58,692 WARN exited: nginx (exit status 1; not expected)
2024-10-31 16:38:01,698 INFO spawned: 'nginx' with pid 13
2024-10-31 16:38:01,703 WARN exited: nginx (exit status 1; not expected)
2024-10-31 16:38:02,705 INFO gave up: nginx entered FATAL state, too many start retries too quickly
2024-10-31 16:40:53,172 CRIT Supervisor is running as root.  Privileges were not dropped because no user is specified in the config file.  If you intend to run as root, you can set user=root in the config file to avoid this message.
2024-10-31 16:40:53,179 INFO supervisord started with pid 1
2024-10-31 16:40:54,182 INFO spawned: 'nginx' with pid 7
2024-10-31 16:40:54,186 INFO spawned: 'php-fpm' with pid 8
2024-10-31 16:40:54,196 WARN exited: nginx (exit status 1; not expected)
2024-10-31 16:40:55,226 INFO spawned: 'nginx' with pid 11
2024-10-31 16:40:55,231 INFO success: php-fpm entered RUNNING state, process has stayed up for > than 1 seconds (startsecs)
2024-10-31 16:40:55,233 WARN exited: nginx (exit status 1; not expected)
2024-10-31 16:40:57,239 INFO spawned: 'nginx' with pid 12
2024-10-31 16:40:57,243 WARN exited: nginx (exit status 1; not expected)
2024-10-31 16:41:00,250 INFO spawned: 'nginx' with pid 13
2024-10-31 16:41:00,255 WARN exited: nginx (exit status 1; not expected)
2024-10-31 16:41:01,257 INFO gave up: nginx entered FATAL state, too many start retries too quickly
2024-10-31 17:16:11,289 WARN received SIGQUIT indicating exit request
2024-10-31 17:16:11,291 INFO waiting for php-fpm to die
2024-10-31 17:16:11,298 INFO stopped: php-fpm (exit status 0)
2024-10-31 17:16:22,692 CRIT Supervisor is running as root.  Privileges were not dropped because no user is specified in the config file.  If you intend to run as root, you can set user=root in the config file to avoid this message.
2024-10-31 17:16:22,697 INFO supervisord started with pid 1
2024-10-31 17:16:23,701 INFO spawned: 'nginx' with pid 8
2024-10-31 17:16:23,703 INFO spawned: 'php-fpm' with pid 9
2024-10-31 17:16:23,705 WARN exited: nginx (exit status 1; not expected)
2024-10-31 17:16:24,723 INFO spawned: 'nginx' with pid 12
2024-10-31 17:16:24,724 INFO success: php-fpm entered RUNNING state, process has stayed up for > than 1 seconds (startsecs)
2024-10-31 17:16:24,728 WARN exited: nginx (exit status 1; not expected)
2024-10-31 17:16:26,733 INFO spawned: 'nginx' with pid 13
2024-10-31 17:16:26,743 WARN exited: nginx (exit status 1; not expected)
2024-10-31 17:16:29,748 INFO spawned: 'nginx' with pid 14
2024-10-31 17:16:29,753 WARN exited: nginx (exit status 1; not expected)
2024-10-31 17:16:30,754 INFO gave up: nginx entered FATAL state, too many start retries too quickly
2024-10-31 17:17:50,259 WARN received SIGQUIT indicating exit request
2024-10-31 17:17:50,260 INFO waiting for php-fpm to die
2024-10-31 17:17:50,266 INFO stopped: php-fpm (exit status 0)
2024-11-01 03:57:15,980 CRIT Supervisor is running as root.  Privileges were not dropped because no user is specified in the config file.  If you intend to run as root, you can set user=root in the config file to avoid this message.
2024-11-01 03:57:15,985 INFO supervisord started with pid 1
2024-11-01 03:57:17,001 INFO spawned: 'nginx' with pid 7
2024-11-01 03:57:17,003 INFO spawned: 'php-fpm' with pid 8
2024-11-01 03:57:17,011 WARN exited: nginx (exit status 1; not expected)
2024-11-01 03:57:18,084 INFO spawned: 'nginx' with pid 11
2024-11-01 03:57:18,085 INFO success: php-fpm entered RUNNING state, process has stayed up for > than 1 seconds (startsecs)
2024-11-01 03:57:18,089 WARN exited: nginx (exit status 1; not expected)
2024-11-01 03:57:20,095 INFO spawned: 'nginx' with pid 12
2024-11-01 03:57:20,106 WARN exited: nginx (exit status 1; not expected)
2024-11-01 03:57:23,113 INFO spawned: 'nginx' with pid 13
2024-11-01 03:57:23,121 WARN exited: nginx (exit status 1; not expected)
2024-11-01 03:57:24,123 INFO gave up: nginx entered FATAL state, too many start retries too quickly
2024-11-01 04:08:03,292 WARN received SIGQUIT indicating exit request
2024-11-01 04:08:03,293 INFO waiting for php-fpm to die
2024-11-01 04:08:04,318 INFO stopped: php-fpm (exit status 0)
2024-11-01 09:53:00,415 CRIT Supervisor is running as root.  Privileges were not dropped because no user is specified in the config file.  If you intend to run as root, you can set user=root in the config file to avoid this message.
2024-11-01 09:53:00,449 INFO supervisord started with pid 1
2024-11-01 09:53:01,453 INFO spawned: 'nginx' with pid 7
2024-11-01 09:53:01,455 INFO spawned: 'php-fpm' with pid 8
2024-11-01 09:53:01,463 WARN exited: nginx (exit status 1; not expected)
2024-11-01 09:53:02,537 INFO spawned: 'nginx' with pid 11
2024-11-01 09:53:02,541 INFO success: php-fpm entered RUNNING state, process has stayed up for > than 1 seconds (startsecs)
2024-11-01 09:53:02,544 WARN exited: nginx (exit status 1; not expected)
2024-11-01 09:53:04,549 INFO spawned: 'nginx' with pid 12
2024-11-01 09:53:04,553 WARN exited: nginx (exit status 1; not expected)
2024-11-01 09:53:07,559 INFO spawned: 'nginx' with pid 13
2024-11-01 09:53:07,566 WARN exited: nginx (exit status 1; not expected)
2024-11-01 09:53:08,567 INFO gave up: nginx entered FATAL state, too many start retries too quickly
2024-11-01 10:18:07,679 WARN received SIGQUIT indicating exit request
2024-11-01 10:18:07,680 INFO waiting for php-fpm to die
2024-11-01 10:18:07,693 INFO stopped: php-fpm (exit status 0)
2024-11-12 00:37:49,224 CRIT Supervisor is running as root.  Privileges were not dropped because no user is specified in the config file.  If you intend to run as root, you can set user=root in the config file to avoid this message.
2024-11-12 00:37:49,269 INFO supervisord started with pid 1
2024-11-12 00:37:50,288 INFO spawned: 'nginx' with pid 7
2024-11-12 00:37:50,291 INFO spawned: 'php-fpm' with pid 8
2024-11-12 00:37:50,301 WARN exited: nginx (exit status 1; not expected)
2024-11-12 00:37:51,409 INFO spawned: 'nginx' with pid 11
2024-11-12 00:37:51,410 INFO success: php-fpm entered RUNNING state, process has stayed up for > than 1 seconds (startsecs)
2024-11-12 00:37:51,416 WARN exited: nginx (exit status 1; not expected)
2024-11-12 00:37:53,422 INFO spawned: 'nginx' with pid 12
2024-11-12 00:37:53,427 WARN exited: nginx (exit status 1; not expected)
2024-11-12 00:37:56,433 INFO spawned: 'nginx' with pid 13
2024-11-12 00:37:56,437 WARN exited: nginx (exit status 1; not expected)
2024-11-12 00:37:57,438 INFO gave up: nginx entered FATAL state, too many start retries too quickly
2024-11-12 00:45:53,342 WARN received SIGQUIT indicating exit request
2024-11-12 00:45:53,343 INFO waiting for php-fpm to die
2024-11-12 00:45:53,367 INFO stopped: php-fpm (exit status 0)
2024-11-14 01:36:25,845 CRIT Supervisor is running as root.  Privileges were not dropped because no user is specified in the config file.  If you intend to run as root, you can set user=root in the config file to avoid this message.
2024-11-14 01:36:25,881 INFO supervisord started with pid 1
2024-11-14 01:36:26,882 INFO spawned: 'nginx' with pid 7
2024-11-14 01:36:26,885 INFO spawned: 'php-fpm' with pid 8
2024-11-14 01:36:26,894 WARN exited: nginx (exit status 1; not expected)
2024-11-14 01:36:27,998 INFO spawned: 'nginx' with pid 11
2024-11-14 01:36:28,000 INFO success: php-fpm entered RUNNING state, process has stayed up for > than 1 seconds (startsecs)
2024-11-14 01:36:28,004 WARN exited: nginx (exit status 1; not expected)
2024-11-14 01:36:30,009 INFO spawned: 'nginx' with pid 12
2024-11-14 01:36:30,013 WARN exited: nginx (exit status 1; not expected)
2024-11-14 01:36:33,019 INFO spawned: 'nginx' with pid 13
2024-11-14 01:36:33,022 WARN exited: nginx (exit status 1; not expected)
2024-11-14 01:36:34,024 INFO gave up: nginx entered FATAL state, too many start retries too quickly
2024-11-14 02:01:55,483 WARN received SIGQUIT indicating exit request
2024-11-14 02:01:55,524 INFO waiting for php-fpm to die
2024-11-14 02:01:55,568 INFO stopped: php-fpm (exit status 0)
2024-11-14 02:06:16,845 CRIT Supervisor is running as root.  Privileges were not dropped because no user is specified in the config file.  If you intend to run as root, you can set user=root in the config file to avoid this message.
2024-11-14 02:06:16,852 INFO supervisord started with pid 1
2024-11-14 02:06:17,855 INFO spawned: 'nginx' with pid 7
2024-11-14 02:06:17,858 INFO spawned: 'php-fpm' with pid 8
2024-11-14 02:06:17,866 WARN exited: nginx (exit status 1; not expected)
2024-11-14 02:06:18,916 INFO spawned: 'nginx' with pid 11
2024-11-14 02:06:18,917 INFO success: php-fpm entered RUNNING state, process has stayed up for > than 1 seconds (startsecs)
2024-11-14 02:06:18,921 WARN exited: nginx (exit status 1; not expected)
2024-11-14 02:06:20,926 INFO spawned: 'nginx' with pid 12
2024-11-14 02:06:20,943 WARN exited: nginx (exit status 1; not expected)
2024-11-14 02:06:23,951 INFO spawned: 'nginx' with pid 13
2024-11-14 02:06:23,959 WARN exited: nginx (exit status 1; not expected)
2024-11-14 02:06:24,961 INFO gave up: nginx entered FATAL state, too many start retries too quickly
2024-11-14 02:34:03,820 WARN received SIGQUIT indicating exit request
2024-11-14 02:34:03,821 INFO waiting for php-fpm to die
2024-11-14 02:34:03,828 INFO stopped: php-fpm (exit status 0)
2024-11-14 02:34:34,016 CRIT Supervisor is running as root.  Privileges were not dropped because no user is specified in the config file.  If you intend to run as root, you can set user=root in the config file to avoid this message.
2024-11-14 02:34:34,022 INFO supervisord started with pid 1
2024-11-14 02:34:35,025 INFO spawned: 'nginx' with pid 7
2024-11-14 02:34:35,028 INFO spawned: 'php-fpm' with pid 8
2024-11-14 02:34:35,044 WARN exited: nginx (exit status 1; not expected)
2024-11-14 02:34:36,078 INFO spawned: 'nginx' with pid 11
2024-11-14 02:34:36,078 INFO success: php-fpm entered RUNNING state, process has stayed up for > than 1 seconds (startsecs)
2024-11-14 02:34:36,082 WARN exited: nginx (exit status 1; not expected)
2024-11-14 02:34:38,086 INFO spawned: 'nginx' with pid 12
2024-11-14 02:34:38,090 WARN exited: nginx (exit status 1; not expected)
2024-11-14 02:34:41,096 INFO spawned: 'nginx' with pid 13
2024-11-14 02:34:41,099 WARN exited: nginx (exit status 1; not expected)
2024-11-14 02:34:42,102 INFO gave up: nginx entered FATAL state, too many start retries too quickly
2024-11-14 02:36:26,075 WARN received SIGQUIT indicating exit request
2024-11-14 02:36:26,076 INFO waiting for php-fpm to die
2024-11-14 02:36:26,081 INFO stopped: php-fpm (exit status 0)
2024-11-14 02:37:04,643 CRIT Supervisor is running as root.  Privileges were not dropped because no user is specified in the config file.  If you intend to run as root, you can set user=root in the config file to avoid this message.
2024-11-14 02:37:04,649 INFO supervisord started with pid 1
2024-11-14 02:37:05,652 INFO spawned: 'nginx' with pid 8
2024-11-14 02:37:05,657 INFO spawned: 'php-fpm' with pid 9
2024-11-14 02:37:05,660 WARN exited: nginx (exit status 1; not expected)
2024-11-14 02:37:06,683 INFO spawned: 'nginx' with pid 12
2024-11-14 02:37:06,687 INFO success: php-fpm entered RUNNING state, process has stayed up for > than 1 seconds (startsecs)
2024-11-14 02:37:06,694 WARN exited: nginx (exit status 1; not expected)
2024-11-14 02:37:08,701 INFO spawned: 'nginx' with pid 13
2024-11-14 02:37:08,710 WARN exited: nginx (exit status 1; not expected)
2024-11-14 02:37:11,717 INFO spawned: 'nginx' with pid 14
2024-11-14 02:37:11,723 WARN exited: nginx (exit status 1; not expected)
2024-11-14 02:37:12,725 INFO gave up: nginx entered FATAL state, too many start retries too quickly
2024-11-14 02:37:58,014 WARN received SIGQUIT indicating exit request
2024-11-14 02:37:58,015 INFO waiting for php-fpm to die
2024-11-14 02:37:58,020 INFO stopped: php-fpm (exit status 0)
2024-11-14 02:38:32,818 CRIT Supervisor is running as root.  Privileges were not dropped because no user is specified in the config file.  If you intend to run as root, you can set user=root in the config file to avoid this message.
2024-11-14 02:38:32,825 INFO supervisord started with pid 1
2024-11-14 02:38:33,827 INFO spawned: 'nginx' with pid 7
2024-11-14 02:38:33,829 INFO spawned: 'php-fpm' with pid 8
2024-11-14 02:38:33,833 WARN exited: nginx (exit status 1; not expected)
2024-11-14 02:38:34,859 INFO spawned: 'nginx' with pid 11
2024-11-14 02:38:34,930 INFO success: php-fpm entered RUNNING state, process has stayed up for > than 1 seconds (startsecs)
2024-11-14 02:38:34,932 WARN exited: nginx (exit status 1; not expected)
2024-11-14 02:38:36,942 INFO spawned: 'nginx' with pid 12
2024-11-14 02:38:36,950 WARN exited: nginx (exit status 1; not expected)
2024-11-14 02:38:39,958 INFO spawned: 'nginx' with pid 13
2024-11-14 02:38:39,963 WARN exited: nginx (exit status 1; not expected)
2024-11-14 02:38:40,989 INFO gave up: nginx entered FATAL state, too many start retries too quickly
2024-11-14 02:45:07,482 WARN received SIGQUIT indicating exit request
2024-11-14 02:45:07,482 INFO waiting for php-fpm to die
2024-11-14 02:45:07,487 INFO stopped: php-fpm (exit status 0)
2024-11-14 02:49:33,202 CRIT Supervisor is running as root.  Privileges were not dropped because no user is specified in the config file.  If you intend to run as root, you can set user=root in the config file to avoid this message.
2024-11-14 02:49:33,207 INFO supervisord started with pid 1
2024-11-14 02:49:34,209 INFO spawned: 'nginx' with pid 7
2024-11-14 02:49:34,214 INFO spawned: 'php-fpm' with pid 8
2024-11-14 02:49:34,220 WARN exited: nginx (exit status 1; not expected)
2024-11-14 02:49:35,251 INFO spawned: 'nginx' with pid 11
2024-11-14 02:49:35,253 INFO success: php-fpm entered RUNNING state, process has stayed up for > than 1 seconds (startsecs)
2024-11-14 02:49:35,262 WARN exited: nginx (exit status 1; not expected)
2024-11-14 02:49:37,266 INFO spawned: 'nginx' with pid 12
2024-11-14 02:49:37,276 WARN exited: nginx (exit status 1; not expected)
2024-11-14 02:49:40,285 INFO spawned: 'nginx' with pid 13
2024-11-14 02:49:40,291 WARN exited: nginx (exit status 1; not expected)
2024-11-14 02:49:41,294 INFO gave up: nginx entered FATAL state, too many start retries too quickly
2024-11-14 02:50:44,031 WARN received SIGQUIT indicating exit request
2024-11-14 02:50:44,032 INFO waiting for php-fpm to die
2024-11-14 02:50:44,036 INFO stopped: php-fpm (exit status 0)
2024-11-14 02:51:19,035 CRIT Supervisor is running as root.  Privileges were not dropped because no user is specified in the config file.  If you intend to run as root, you can set user=root in the config file to avoid this message.
2024-11-14 02:51:19,040 INFO supervisord started with pid 1
2024-11-14 02:51:20,043 INFO spawned: 'nginx' with pid 7
2024-11-14 02:51:20,046 INFO spawned: 'php-fpm' with pid 8
2024-11-14 02:51:20,051 WARN exited: nginx (exit status 1; not expected)
2024-11-14 02:51:21,074 INFO spawned: 'nginx' with pid 11
2024-11-14 02:51:21,076 INFO success: php-fpm entered RUNNING state, process has stayed up for > than 1 seconds (startsecs)
2024-11-14 02:51:21,080 WARN exited: nginx (exit status 1; not expected)
2024-11-14 02:51:23,085 INFO spawned: 'nginx' with pid 12
2024-11-14 02:51:23,092 WARN exited: nginx (exit status 1; not expected)
2024-11-14 02:51:26,107 INFO spawned: 'nginx' with pid 13
2024-11-14 02:51:26,111 WARN exited: nginx (exit status 1; not expected)
2024-11-14 02:51:27,112 INFO gave up: nginx entered FATAL state, too many start retries too quickly
2024-11-14 02:51:40,591 WARN received SIGQUIT indicating exit request
2024-11-14 02:51:40,592 INFO waiting for php-fpm to die
2024-11-14 02:51:40,596 INFO stopped: php-fpm (exit status 0)
2024-11-14 02:52:59,749 CRIT Supervisor is running as root.  Privileges were not dropped because no user is specified in the config file.  If you intend to run as root, you can set user=root in the config file to avoid this message.
2024-11-14 02:52:59,757 INFO supervisord started with pid 1
2024-11-14 02:53:00,760 INFO spawned: 'nginx' with pid 7
2024-11-14 02:53:00,763 INFO spawned: 'php-fpm' with pid 8
2024-11-14 02:53:00,766 WARN exited: nginx (exit status 1; not expected)
2024-11-14 02:53:01,789 INFO spawned: 'nginx' with pid 11
2024-11-14 02:53:01,790 INFO success: php-fpm entered RUNNING state, process has stayed up for > than 1 seconds (startsecs)
2024-11-14 02:53:01,793 WARN exited: nginx (exit status 1; not expected)
2024-11-14 02:53:03,798 INFO spawned: 'nginx' with pid 12
2024-11-14 02:53:03,803 WARN exited: nginx (exit status 1; not expected)
2024-11-14 02:53:06,809 INFO spawned: 'nginx' with pid 13
2024-11-14 02:53:06,854 WARN exited: nginx (exit status 1; not expected)
2024-11-14 02:53:07,874 INFO gave up: nginx entered FATAL state, too many start retries too quickly
2024-11-14 02:58:36,854 WARN received SIGQUIT indicating exit request
2024-11-14 02:58:36,856 INFO waiting for php-fpm to die
2024-11-14 02:58:36,861 INFO stopped: php-fpm (exit status 0)
2024-11-14 02:58:40,639 CRIT Supervisor is running as root.  Privileges were not dropped because no user is specified in the config file.  If you intend to run as root, you can set user=root in the config file to avoid this message.
2024-11-14 02:58:40,644 INFO supervisord started with pid 1
2024-11-14 02:58:41,646 INFO spawned: 'nginx' with pid 7
2024-11-14 02:58:41,648 INFO spawned: 'php-fpm' with pid 8
2024-11-14 02:58:41,650 WARN exited: nginx (exit status 1; not expected)
2024-11-14 02:58:42,668 INFO spawned: 'nginx' with pid 11
2024-11-14 02:58:42,668 INFO success: php-fpm entered RUNNING state, process has stayed up for > than 1 seconds (startsecs)
2024-11-14 02:58:42,672 WARN exited: nginx (exit status 1; not expected)
2024-11-14 02:58:44,677 INFO spawned: 'nginx' with pid 12
2024-11-14 02:58:44,683 WARN exited: nginx (exit status 1; not expected)
2024-11-14 02:58:47,688 INFO spawned: 'nginx' with pid 13
2024-11-14 02:58:47,695 WARN exited: nginx (exit status 1; not expected)
2024-11-14 02:58:48,697 INFO gave up: nginx entered FATAL state, too many start retries too quickly
2024-11-14 02:59:37,668 WARN received SIGQUIT indicating exit request
2024-11-14 02:59:37,669 INFO waiting for php-fpm to die
2024-11-14 02:59:37,673 INFO stopped: php-fpm (exit status 0)
2024-11-14 03:00:34,532 CRIT Supervisor is running as root.  Privileges were not dropped because no user is specified in the config file.  If you intend to run as root, you can set user=root in the config file to avoid this message.
2024-11-14 03:00:34,540 INFO supervisord started with pid 1
2024-11-14 03:00:35,545 INFO spawned: 'nginx' with pid 7
2024-11-14 03:00:35,549 INFO spawned: 'php-fpm' with pid 8
2024-11-14 03:00:35,559 WARN exited: nginx (exit status 1; not expected)
2024-11-14 03:00:36,685 INFO spawned: 'nginx' with pid 11
2024-11-14 03:00:36,685 INFO success: php-fpm entered RUNNING state, process has stayed up for > than 1 seconds (startsecs)
2024-11-14 03:00:36,690 WARN exited: nginx (exit status 1; not expected)
2024-11-14 03:00:38,694 INFO spawned: 'nginx' with pid 12
2024-11-14 03:00:38,697 WARN exited: nginx (exit status 1; not expected)
2024-11-14 03:00:41,703 INFO spawned: 'nginx' with pid 13
2024-11-14 03:00:41,707 WARN exited: nginx (exit status 1; not expected)
2024-11-14 03:00:42,709 INFO gave up: nginx entered FATAL state, too many start retries too quickly
2024-11-14 03:01:28,481 WARN received SIGQUIT indicating exit request
2024-11-14 03:01:28,482 INFO waiting for php-fpm to die
2024-11-14 03:01:28,501 INFO stopped: php-fpm (exit status 0)
2024-11-14 03:01:32,727 CRIT Supervisor is running as root.  Privileges were not dropped because no user is specified in the config file.  If you intend to run as root, you can set user=root in the config file to avoid this message.
2024-11-14 03:01:32,733 INFO supervisord started with pid 1
2024-11-14 03:01:33,736 INFO spawned: 'nginx' with pid 7
2024-11-14 03:01:33,739 INFO spawned: 'php-fpm' with pid 8
2024-11-14 03:01:33,743 WARN exited: nginx (exit status 1; not expected)
2024-11-14 03:01:34,765 INFO spawned: 'nginx' with pid 11
2024-11-14 03:01:34,766 INFO success: php-fpm entered RUNNING state, process has stayed up for > than 1 seconds (startsecs)
2024-11-14 03:01:34,771 WARN exited: nginx (exit status 1; not expected)
2024-11-14 03:01:36,774 INFO spawned: 'nginx' with pid 12
2024-11-14 03:01:36,779 WARN exited: nginx (exit status 1; not expected)
2024-11-14 03:01:39,784 INFO spawned: 'nginx' with pid 13
2024-11-14 03:01:39,790 WARN exited: nginx (exit status 1; not expected)
2024-11-14 03:01:40,791 INFO gave up: nginx entered FATAL state, too many start retries too quickly
2024-11-14 03:12:05,688 WARN received SIGQUIT indicating exit request
2024-11-14 03:12:05,691 INFO waiting for php-fpm to die
2024-11-14 03:12:05,699 INFO stopped: php-fpm (exit status 0)
2024-11-14 03:12:07,134 CRIT Supervisor is running as root.  Privileges were not dropped because no user is specified in the config file.  If you intend to run as root, you can set user=root in the config file to avoid this message.
2024-11-14 03:12:07,139 INFO supervisord started with pid 1
2024-11-14 03:12:08,143 INFO spawned: 'nginx' with pid 7
2024-11-14 03:12:08,145 INFO spawned: 'php-fpm' with pid 8
2024-11-14 03:12:08,147 WARN exited: nginx (exit status 1; not expected)
2024-11-14 03:12:09,165 INFO spawned: 'nginx' with pid 11
2024-11-14 03:12:09,166 INFO success: php-fpm entered RUNNING state, process has stayed up for > than 1 seconds (startsecs)
2024-11-14 03:12:09,170 WARN exited: nginx (exit status 1; not expected)
2024-11-14 03:12:11,175 INFO spawned: 'nginx' with pid 12
2024-11-14 03:12:11,183 WARN exited: nginx (exit status 1; not expected)
2024-11-14 03:12:14,189 INFO spawned: 'nginx' with pid 13
2024-11-14 03:12:14,192 WARN exited: nginx (exit status 1; not expected)
2024-11-14 03:12:15,193 INFO gave up: nginx entered FATAL state, too many start retries too quickly
2024-11-14 03:16:12,406 WARN received SIGQUIT indicating exit request
2024-11-14 03:16:12,407 INFO waiting for php-fpm to die
2024-11-14 03:16:12,412 INFO stopped: php-fpm (exit status 0)
2024-11-14 03:16:19,702 CRIT Supervisor is running as root.  Privileges were not dropped because no user is specified in the config file.  If you intend to run as root, you can set user=root in the config file to avoid this message.
2024-11-14 03:16:19,706 INFO supervisord started with pid 1
2024-11-14 03:16:20,709 INFO spawned: 'nginx' with pid 7
2024-11-14 03:16:20,712 INFO spawned: 'php-fpm' with pid 8
2024-11-14 03:16:20,714 WARN exited: nginx (exit status 1; not expected)
2024-11-14 03:16:21,732 INFO spawned: 'nginx' with pid 11
2024-11-14 03:16:21,733 INFO success: php-fpm entered RUNNING state, process has stayed up for > than 1 seconds (startsecs)
2024-11-14 03:16:21,736 WARN exited: nginx (exit status 1; not expected)
2024-11-14 03:16:23,742 INFO spawned: 'nginx' with pid 12
2024-11-14 03:16:23,756 WARN exited: nginx (exit status 1; not expected)
2024-11-14 03:16:26,762 INFO spawned: 'nginx' with pid 13
2024-11-14 03:16:26,767 WARN exited: nginx (exit status 1; not expected)
2024-11-14 03:16:27,769 INFO gave up: nginx entered FATAL state, too many start retries too quickly
2024-11-14 03:39:03,399 CRIT Supervisor is running as root.  Privileges were not dropped because no user is specified in the config file.  If you intend to run as root, you can set user=root in the config file to avoid this message.
2024-11-14 03:39:03,407 INFO supervisord started with pid 1
2024-11-14 03:39:04,412 INFO spawned: 'nginx' with pid 7
2024-11-14 03:39:04,414 INFO spawned: 'php-fpm' with pid 8
2024-11-14 03:39:04,424 WARN exited: nginx (exit status 1; not expected)
2024-11-14 03:39:05,511 INFO spawned: 'nginx' with pid 11
2024-11-14 03:39:05,511 INFO success: php-fpm entered RUNNING state, process has stayed up for > than 1 seconds (startsecs)
2024-11-14 03:39:05,514 WARN exited: nginx (exit status 1; not expected)
2024-11-14 03:39:07,518 INFO spawned: 'nginx' with pid 12
2024-11-14 03:39:07,527 WARN exited: nginx (exit status 1; not expected)
2024-11-14 03:39:10,534 INFO spawned: 'nginx' with pid 13
2024-11-14 03:39:10,538 WARN exited: nginx (exit status 1; not expected)
2024-11-14 03:39:11,540 INFO gave up: nginx entered FATAL state, too many start retries too quickly
2024-11-14 04:20:37,023 WARN received SIGQUIT indicating exit request
2024-11-14 04:20:37,025 INFO waiting for php-fpm to die
2024-11-14 04:20:37,046 INFO stopped: php-fpm (exit status 0)
2024-11-14 04:22:03,400 CRIT Supervisor is running as root.  Privileges were not dropped because no user is specified in the config file.  If you intend to run as root, you can set user=root in the config file to avoid this message.
2024-11-14 04:22:03,406 INFO supervisord started with pid 1
2024-11-14 04:22:04,409 INFO spawned: 'nginx' with pid 7
2024-11-14 04:22:04,413 INFO spawned: 'php-fpm' with pid 8
2024-11-14 04:22:04,420 WARN exited: nginx (exit status 1; not expected)
2024-11-14 04:22:05,456 INFO spawned: 'nginx' with pid 11
2024-11-14 04:22:05,457 INFO success: php-fpm entered RUNNING state, process has stayed up for > than 1 seconds (startsecs)
2024-11-14 04:22:05,461 WARN exited: nginx (exit status 1; not expected)
2024-11-14 04:22:07,466 INFO spawned: 'nginx' with pid 12
2024-11-14 04:22:07,474 WARN exited: nginx (exit status 1; not expected)
2024-11-14 04:22:10,480 INFO spawned: 'nginx' with pid 13
2024-11-14 04:22:10,484 WARN exited: nginx (exit status 1; not expected)
2024-11-14 04:22:11,486 INFO gave up: nginx entered FATAL state, too many start retries too quickly
2024-11-14 05:57:10,723 WARN received SIGQUIT indicating exit request
2024-11-14 05:57:10,737 INFO waiting for php-fpm to die
2024-11-14 05:57:10,788 INFO stopped: php-fpm (exit status 0)
2024-11-14 06:01:18,832 CRIT Supervisor is running as root.  Privileges were not dropped because no user is specified in the config file.  If you intend to run as root, you can set user=root in the config file to avoid this message.
2024-11-14 06:01:18,839 INFO supervisord started with pid 1
2024-11-14 06:01:19,843 INFO spawned: 'nginx' with pid 7
2024-11-14 06:01:19,848 INFO spawned: 'php-fpm' with pid 8
2024-11-14 06:01:19,858 WARN exited: nginx (exit status 1; not expected)
2024-11-14 06:01:20,915 INFO spawned: 'nginx' with pid 11
2024-11-14 06:01:20,917 INFO success: php-fpm entered RUNNING state, process has stayed up for > than 1 seconds (startsecs)
2024-11-14 06:01:20,923 WARN exited: nginx (exit status 1; not expected)
2024-11-14 06:01:22,927 INFO spawned: 'nginx' with pid 12
2024-11-14 06:01:22,932 WARN exited: nginx (exit status 1; not expected)
2024-11-14 06:01:25,938 INFO spawned: 'nginx' with pid 13
2024-11-14 06:01:25,949 WARN exited: nginx (exit status 1; not expected)
2024-11-14 06:01:26,951 INFO gave up: nginx entered FATAL state, too many start retries too quickly
2024-11-14 06:27:57,850 WARN received SIGQUIT indicating exit request
2024-11-14 06:27:57,852 INFO waiting for php-fpm to die
2024-11-14 06:27:57,860 INFO stopped: php-fpm (exit status 0)
2024-11-14 10:10:06,466 CRIT Supervisor is running as root.  Privileges were not dropped because no user is specified in the config file.  If you intend to run as root, you can set user=root in the config file to avoid this message.
2024-11-14 10:10:06,501 INFO supervisord started with pid 1
2024-11-14 10:10:07,517 INFO spawned: 'nginx' with pid 7
2024-11-14 10:10:07,521 INFO spawned: 'php-fpm' with pid 8
2024-11-14 10:10:07,535 WARN exited: nginx (exit status 1; not expected)
2024-11-14 10:10:08,634 INFO spawned: 'nginx' with pid 11
2024-11-14 10:10:08,636 INFO success: php-fpm entered RUNNING state, process has stayed up for > than 1 seconds (startsecs)
2024-11-14 10:10:08,639 WARN exited: nginx (exit status 1; not expected)
2024-11-14 10:10:10,643 INFO spawned: 'nginx' with pid 12
2024-11-14 10:10:10,647 WARN exited: nginx (exit status 1; not expected)
2024-11-14 10:10:13,655 INFO spawned: 'nginx' with pid 13
2024-11-14 10:10:13,692 WARN exited: nginx (exit status 1; not expected)
2024-11-14 10:10:14,719 INFO gave up: nginx entered FATAL state, too many start retries too quickly
2024-11-14 10:21:51,766 WARN received SIGQUIT indicating exit request
2024-11-14 10:21:51,767 INFO waiting for php-fpm to die
2024-11-14 10:21:51,794 INFO stopped: php-fpm (exit status 0)
2024-11-14 10:22:39,395 CRIT Supervisor is running as root.  Privileges were not dropped because no user is specified in the config file.  If you intend to run as root, you can set user=root in the config file to avoid this message.
2024-11-14 10:22:39,407 INFO supervisord started with pid 1
2024-11-14 10:22:40,411 INFO spawned: 'nginx' with pid 7
2024-11-14 10:22:40,414 INFO spawned: 'php-fpm' with pid 8
2024-11-14 10:22:40,433 WARN exited: nginx (exit status 1; not expected)
2024-11-14 10:22:41,469 INFO spawned: 'nginx' with pid 11
2024-11-14 10:22:41,471 INFO success: php-fpm entered RUNNING state, process has stayed up for > than 1 seconds (startsecs)
2024-11-14 10:22:41,479 WARN exited: nginx (exit status 1; not expected)
2024-11-14 10:22:43,484 INFO spawned: 'nginx' with pid 12
2024-11-14 10:22:43,489 WARN exited: nginx (exit status 1; not expected)
2024-11-14 10:22:46,514 INFO spawned: 'nginx' with pid 13
2024-11-14 10:22:46,520 WARN exited: nginx (exit status 1; not expected)
2024-11-14 10:22:47,524 INFO gave up: nginx entered FATAL state, too many start retries too quickly
2024-11-14 13:34:16,297 INFO reaped unknown pid 80 (exit status 0)
2024-11-14 13:36:58,513 INFO reaped unknown pid 145 (exit status 0)
2024-11-14 14:14:39,383 WARN received SIGQUIT indicating exit request
2024-11-14 14:14:39,392 INFO waiting for php-fpm to die
2024-11-14 14:14:39,410 INFO stopped: php-fpm (exit status 0)
2024-11-18 03:57:16,143 CRIT Supervisor is running as root.  Privileges were not dropped because no user is specified in the config file.  If you intend to run as root, you can set user=root in the config file to avoid this message.
2024-11-18 03:57:16,150 INFO supervisord started with pid 1
2024-11-18 03:57:17,154 INFO spawned: 'nginx' with pid 7
2024-11-18 03:57:17,172 INFO spawned: 'php-fpm' with pid 8
2024-11-18 03:57:17,179 WARN exited: nginx (exit status 1; not expected)
2024-11-18 03:57:18,274 INFO spawned: 'nginx' with pid 11
2024-11-18 03:57:18,275 INFO success: php-fpm entered RUNNING state, process has stayed up for > than 1 seconds (startsecs)
2024-11-18 03:57:18,278 WARN exited: nginx (exit status 1; not expected)
2024-11-18 03:57:20,282 INFO spawned: 'nginx' with pid 12
2024-11-18 03:57:20,286 WARN exited: nginx (exit status 1; not expected)
2024-11-18 03:57:23,292 INFO spawned: 'nginx' with pid 13
2024-11-18 03:57:23,304 WARN exited: nginx (exit status 1; not expected)
2024-11-18 03:57:24,314 INFO gave up: nginx entered FATAL state, too many start retries too quickly
2024-11-18 04:24:00,060 WARN received SIGQUIT indicating exit request
2024-11-18 04:24:00,061 INFO waiting for php-fpm to die
2024-11-18 04:24:00,066 INFO stopped: php-fpm (exit status 0)
2024-11-18 23:56:01,907 CRIT Supervisor is running as root.  Privileges were not dropped because no user is specified in the config file.  If you intend to run as root, you can set user=root in the config file to avoid this message.
2024-11-18 23:56:01,915 INFO supervisord started with pid 1
2024-11-18 23:56:02,935 INFO spawned: 'nginx' with pid 7
2024-11-18 23:56:02,939 INFO spawned: 'php-fpm' with pid 8
2024-11-18 23:56:02,955 WARN exited: nginx (exit status 1; not expected)
2024-11-18 23:56:04,051 INFO spawned: 'nginx' with pid 11
2024-11-18 23:56:04,052 INFO success: php-fpm entered RUNNING state, process has stayed up for > than 1 seconds (startsecs)
2024-11-18 23:56:04,056 WARN exited: nginx (exit status 1; not expected)
2024-11-18 23:56:06,063 INFO spawned: 'nginx' with pid 12
2024-11-18 23:56:06,073 WARN exited: nginx (exit status 1; not expected)
2024-11-18 23:56:09,081 INFO spawned: 'nginx' with pid 13
2024-11-18 23:56:09,090 WARN exited: nginx (exit status 1; not expected)
2024-11-18 23:56:10,089 INFO gave up: nginx entered FATAL state, too many start retries too quickly
2024-11-19 01:10:08,567 WARN received SIGQUIT indicating exit request
2024-11-19 01:10:08,579 INFO waiting for php-fpm to die
2024-11-19 01:10:08,628 INFO stopped: php-fpm (exit status 0)
2024-11-21 15:23:57,380 CRIT Supervisor is running as root.  Privileges were not dropped because no user is specified in the config file.  If you intend to run as root, you can set user=root in the config file to avoid this message.
2024-11-21 15:23:57,415 INFO supervisord started with pid 1
2024-11-21 15:23:58,420 INFO spawned: 'nginx' with pid 7
2024-11-21 15:23:58,422 INFO spawned: 'php-fpm' with pid 8
2024-11-21 15:23:58,433 WARN exited: nginx (exit status 1; not expected)
2024-11-21 15:23:59,519 INFO spawned: 'nginx' with pid 11
2024-11-21 15:23:59,519 INFO success: php-fpm entered RUNNING state, process has stayed up for > than 1 seconds (startsecs)
2024-11-21 15:23:59,523 WARN exited: nginx (exit status 1; not expected)
2024-11-21 15:24:01,527 INFO spawned: 'nginx' with pid 12
2024-11-21 15:24:01,531 WARN exited: nginx (exit status 1; not expected)
2024-11-21 15:24:04,537 INFO spawned: 'nginx' with pid 13
2024-11-21 15:24:04,540 WARN exited: nginx (exit status 1; not expected)
2024-11-21 15:24:04,542 INFO gave up: nginx entered FATAL state, too many start retries too quickly
2024-11-21 15:25:20,244 WARN received SIGQUIT indicating exit request
2024-11-21 15:25:20,244 INFO waiting for php-fpm to die
2024-11-21 15:25:20,248 INFO stopped: php-fpm (exit status 0)
2024-11-21 15:28:26,275 CRIT Supervisor is running as root.  Privileges were not dropped because no user is specified in the config file.  If you intend to run as root, you can set user=root in the config file to avoid this message.
2024-11-21 15:28:26,280 INFO supervisord started with pid 1
2024-11-21 15:28:27,283 INFO spawned: 'nginx' with pid 7
2024-11-21 15:28:27,286 INFO spawned: 'php-fpm' with pid 8
2024-11-21 15:28:27,288 WARN exited: nginx (exit status 1; not expected)
2024-11-21 15:28:28,308 INFO spawned: 'nginx' with pid 11
2024-11-21 15:28:28,310 INFO success: php-fpm entered RUNNING state, process has stayed up for > than 1 seconds (startsecs)
2024-11-21 15:28:28,318 WARN exited: nginx (exit status 1; not expected)
2024-11-21 15:28:30,323 INFO spawned: 'nginx' with pid 12
2024-11-21 15:28:30,330 WARN exited: nginx (exit status 1; not expected)
2024-11-21 15:28:33,336 INFO spawned: 'nginx' with pid 13
2024-11-21 15:28:33,340 WARN exited: nginx (exit status 1; not expected)
2024-11-21 15:28:34,342 INFO gave up: nginx entered FATAL state, too many start retries too quickly
2024-11-21 15:37:42,093 CRIT Supervisor is running as root.  Privileges were not dropped because no user is specified in the config file.  If you intend to run as root, you can set user=root in the config file to avoid this message.
2024-11-21 15:37:42,100 INFO supervisord started with pid 1
2024-11-21 15:37:43,103 INFO spawned: 'nginx' with pid 7
2024-11-21 15:37:43,130 INFO spawned: 'php-fpm' with pid 8
2024-11-21 15:37:43,143 WARN exited: nginx (exit status 1; not expected)
2024-11-21 15:37:44,234 INFO spawned: 'nginx' with pid 11
2024-11-21 15:37:44,235 INFO success: php-fpm entered RUNNING state, process has stayed up for > than 1 seconds (startsecs)
2024-11-21 15:37:44,239 WARN exited: nginx (exit status 1; not expected)
2024-11-21 15:37:46,242 INFO spawned: 'nginx' with pid 12
2024-11-21 15:37:46,246 WARN exited: nginx (exit status 1; not expected)
2024-11-21 15:37:49,261 INFO spawned: 'nginx' with pid 13
2024-11-21 15:37:49,266 WARN exited: nginx (exit status 1; not expected)
2024-11-21 15:37:49,304 INFO gave up: nginx entered FATAL state, too many start retries too quickly
2024-11-21 15:40:01,458 WARN received SIGQUIT indicating exit request
2024-11-21 15:40:01,460 INFO waiting for php-fpm to die
2024-11-21 15:40:01,476 INFO stopped: php-fpm (exit status 0)
2024-11-24 14:30:58,265 CRIT Supervisor is running as root.  Privileges were not dropped because no user is specified in the config file.  If you intend to run as root, you can set user=root in the config file to avoid this message.
2024-11-24 14:30:58,272 INFO supervisord started with pid 1
2024-11-24 14:30:59,275 INFO spawned: 'nginx' with pid 7
2024-11-24 14:30:59,277 INFO spawned: 'php-fpm' with pid 8
2024-11-24 14:30:59,290 WARN exited: nginx (exit status 1; not expected)
2024-11-24 14:31:00,305 INFO spawned: 'nginx' with pid 11
2024-11-24 14:31:00,306 INFO success: php-fpm entered RUNNING state, process has stayed up for > than 1 seconds (startsecs)
2024-11-24 14:31:00,314 WARN exited: nginx (exit status 1; not expected)
2024-11-24 14:31:02,320 INFO spawned: 'nginx' with pid 12
2024-11-24 14:31:02,326 WARN exited: nginx (exit status 1; not expected)
2024-11-24 14:31:05,334 INFO spawned: 'nginx' with pid 13
2024-11-24 14:31:05,341 WARN exited: nginx (exit status 1; not expected)
2024-11-24 14:31:06,344 INFO gave up: nginx entered FATAL state, too many start retries too quickly
2024-11-24 14:40:27,207 WARN received SIGQUIT indicating exit request
2024-11-24 14:40:27,208 INFO waiting for php-fpm to die
2024-11-24 14:40:27,213 INFO stopped: php-fpm (exit status 0)
2024-11-25 05:59:38,807 CRIT Supervisor is running as root.  Privileges were not dropped because no user is specified in the config file.  If you intend to run as root, you can set user=root in the config file to avoid this message.
2024-11-25 05:59:38,816 INFO supervisord started with pid 1
2024-11-25 05:59:39,820 INFO spawned: 'nginx' with pid 7
2024-11-25 05:59:39,822 INFO spawned: 'php-fpm' with pid 8
2024-11-25 05:59:39,830 WARN exited: nginx (exit status 1; not expected)
2024-11-25 05:59:40,879 INFO spawned: 'nginx' with pid 11
2024-11-25 05:59:40,880 INFO success: php-fpm entered RUNNING state, process has stayed up for > than 1 seconds (startsecs)
2024-11-25 05:59:40,884 WARN exited: nginx (exit status 1; not expected)
2024-11-25 05:59:42,889 INFO spawned: 'nginx' with pid 12
2024-11-25 05:59:42,901 WARN exited: nginx (exit status 1; not expected)
2024-11-25 05:59:45,907 INFO spawned: 'nginx' with pid 13
2024-11-25 05:59:45,911 WARN exited: nginx (exit status 1; not expected)
2024-11-25 05:59:45,912 INFO gave up: nginx entered FATAL state, too many start retries too quickly
2024-11-25 05:59:54,924 WARN received SIGQUIT indicating exit request
2024-11-25 05:59:54,925 INFO waiting for php-fpm to die
2024-11-25 05:59:54,928 INFO stopped: php-fpm (exit status 0)
2024-12-03 00:31:08,417 CRIT Supervisor is running as root.  Privileges were not dropped because no user is specified in the config file.  If you intend to run as root, you can set user=root in the config file to avoid this message.
2024-12-03 00:31:08,427 INFO supervisord started with pid 1
2024-12-03 00:31:09,443 INFO spawned: 'nginx' with pid 7
2024-12-03 00:31:09,446 INFO spawned: 'php-fpm' with pid 8
2024-12-03 00:31:09,476 WARN exited: nginx (exit status 1; not expected)
2024-12-03 00:31:10,548 INFO spawned: 'nginx' with pid 11
2024-12-03 00:31:10,549 INFO success: php-fpm entered RUNNING state, process has stayed up for > than 1 seconds (startsecs)
2024-12-03 00:31:10,553 WARN exited: nginx (exit status 1; not expected)
2024-12-03 00:31:12,559 INFO spawned: 'nginx' with pid 12
2024-12-03 00:31:12,565 WARN exited: nginx (exit status 1; not expected)
2024-12-03 00:31:15,570 INFO spawned: 'nginx' with pid 13
2024-12-03 00:31:15,574 WARN exited: nginx (exit status 1; not expected)
2024-12-03 00:31:15,575 INFO gave up: nginx entered FATAL state, too many start retries too quickly
2024-12-03 02:30:11,079 WARN received SIGQUIT indicating exit request
2024-12-03 02:30:11,090 INFO waiting for php-fpm to die
2024-12-03 02:30:11,128 INFO stopped: php-fpm (exit status 0)
2024-12-09 08:32:42,678 CRIT Supervisor is running as root.  Privileges were not dropped because no user is specified in the config file.  If you intend to run as root, you can set user=root in the config file to avoid this message.
2024-12-09 08:32:42,687 INFO supervisord started with pid 1
2024-12-09 08:32:43,688 INFO spawned: 'nginx' with pid 8
2024-12-09 08:32:43,691 INFO spawned: 'php-fpm' with pid 9
2024-12-09 08:32:43,707 WARN exited: nginx (exit status 1; not expected)
2024-12-09 08:32:44,734 INFO spawned: 'nginx' with pid 12
2024-12-09 08:32:44,735 INFO success: php-fpm entered RUNNING state, process has stayed up for > than 1 seconds (startsecs)
2024-12-09 08:32:44,739 WARN exited: nginx (exit status 1; not expected)
2024-12-09 08:32:46,744 INFO spawned: 'nginx' with pid 13
2024-12-09 08:32:46,753 WARN exited: nginx (exit status 1; not expected)
2024-12-09 08:32:49,759 INFO spawned: 'nginx' with pid 14
2024-12-09 08:32:49,766 WARN exited: nginx (exit status 1; not expected)
2024-12-09 08:32:50,768 INFO gave up: nginx entered FATAL state, too many start retries too quickly
2024-12-09 09:09:40,560 WARN received SIGQUIT indicating exit request
2024-12-09 09:09:40,562 INFO waiting for php-fpm to die
2024-12-09 09:09:40,569 INFO stopped: php-fpm (exit status 0)
2024-12-14 15:25:53,230 CRIT Supervisor is running as root.  Privileges were not dropped because no user is specified in the config file.  If you intend to run as root, you can set user=root in the config file to avoid this message.
2024-12-14 15:25:53,239 INFO supervisord started with pid 1
2024-12-14 15:25:54,242 INFO spawned: 'nginx' with pid 7
2024-12-14 15:25:54,243 INFO spawned: 'php-fpm' with pid 8
2024-12-14 15:25:54,252 WARN exited: nginx (exit status 1; not expected)
2024-12-14 15:25:55,356 INFO spawned: 'nginx' with pid 11
2024-12-14 15:25:55,357 INFO success: php-fpm entered RUNNING state, process has stayed up for > than 1 seconds (startsecs)
2024-12-14 15:25:55,359 WARN exited: nginx (exit status 1; not expected)
2024-12-14 15:25:57,363 INFO spawned: 'nginx' with pid 12
2024-12-14 15:25:57,367 WARN exited: nginx (exit status 1; not expected)
2024-12-14 15:26:00,372 INFO spawned: 'nginx' with pid 13
2024-12-14 15:26:00,378 WARN exited: nginx (exit status 1; not expected)
2024-12-14 15:26:01,380 INFO gave up: nginx entered FATAL state, too many start retries too quickly
2024-12-14 15:35:29,889 WARN received SIGQUIT indicating exit request
2024-12-14 15:35:29,890 INFO waiting for php-fpm to die
2024-12-14 15:35:29,919 INFO stopped: php-fpm (exit status 0)
2024-12-14 15:38:01,233 CRIT Supervisor is running as root.  Privileges were not dropped because no user is specified in the config file.  If you intend to run as root, you can set user=root in the config file to avoid this message.
2024-12-14 15:38:01,239 INFO supervisord started with pid 1
2024-12-14 15:38:02,241 INFO spawned: 'nginx' with pid 8
2024-12-14 15:38:02,244 INFO spawned: 'php-fpm' with pid 9
2024-12-14 15:38:02,252 WARN exited: nginx (exit status 1; not expected)
2024-12-14 15:38:03,346 INFO spawned: 'nginx' with pid 12
2024-12-14 15:38:03,348 INFO success: php-fpm entered RUNNING state, process has stayed up for > than 1 seconds (startsecs)
2024-12-14 15:38:03,350 WARN exited: nginx (exit status 1; not expected)
2024-12-14 15:38:05,354 INFO spawned: 'nginx' with pid 13
2024-12-14 15:38:05,359 WARN exited: nginx (exit status 1; not expected)
2024-12-14 15:38:08,366 INFO spawned: 'nginx' with pid 14
2024-12-14 15:38:08,373 WARN exited: nginx (exit status 1; not expected)
2024-12-14 15:38:08,374 INFO gave up: nginx entered FATAL state, too many start retries too quickly
2024-12-14 15:51:00,106 WARN received SIGQUIT indicating exit request
2024-12-14 15:51:00,107 INFO waiting for php-fpm to die
2024-12-14 15:51:00,119 INFO stopped: php-fpm (exit status 0)
2024-12-15 06:39:31,620 CRIT Supervisor is running as root.  Privileges were not dropped because no user is specified in the config file.  If you intend to run as root, you can set user=root in the config file to avoid this message.
2024-12-15 06:39:31,630 INFO supervisord started with pid 1
2024-12-15 06:39:32,636 INFO spawned: 'nginx' with pid 7
2024-12-15 06:39:32,640 INFO spawned: 'php-fpm' with pid 8
2024-12-15 06:39:32,650 WARN exited: nginx (exit status 1; not expected)
2024-12-15 06:39:33,824 INFO spawned: 'nginx' with pid 11
2024-12-15 06:39:33,827 INFO success: php-fpm entered RUNNING state, process has stayed up for > than 1 seconds (startsecs)
2024-12-15 06:39:33,830 WARN exited: nginx (exit status 1; not expected)
2024-12-15 06:39:35,837 INFO spawned: 'nginx' with pid 12
2024-12-15 06:39:35,843 WARN exited: nginx (exit status 1; not expected)
2024-12-15 06:39:38,848 INFO spawned: 'nginx' with pid 13
2024-12-15 06:39:38,853 WARN exited: nginx (exit status 1; not expected)
2024-12-15 06:39:39,859 INFO gave up: nginx entered FATAL state, too many start retries too quickly
2024-12-15 08:12:19,874 WARN received SIGQUIT indicating exit request
2024-12-15 08:12:19,900 INFO waiting for php-fpm to die
2024-12-15 08:12:20,012 INFO stopped: php-fpm (exit status 0)
2024-12-15 09:07:54,052 CRIT Supervisor is running as root.  Privileges were not dropped because no user is specified in the config file.  If you intend to run as root, you can set user=root in the config file to avoid this message.
2024-12-15 09:07:54,060 INFO supervisord started with pid 1
2024-12-15 09:07:55,065 INFO spawned: 'nginx' with pid 7
2024-12-15 09:07:55,067 INFO spawned: 'php-fpm' with pid 8
2024-12-15 09:07:55,076 WARN exited: nginx (exit status 1; not expected)
2024-12-15 09:07:56,135 INFO spawned: 'nginx' with pid 11
2024-12-15 09:07:56,137 INFO success: php-fpm entered RUNNING state, process has stayed up for > than 1 seconds (startsecs)
2024-12-15 09:07:56,140 WARN exited: nginx (exit status 1; not expected)
2024-12-15 09:07:58,146 INFO spawned: 'nginx' with pid 12
2024-12-15 09:07:58,151 WARN exited: nginx (exit status 1; not expected)
2024-12-15 09:08:01,160 INFO spawned: 'nginx' with pid 13
2024-12-15 09:08:01,168 WARN exited: nginx (exit status 1; not expected)
2024-12-15 09:08:01,178 INFO gave up: nginx entered FATAL state, too many start retries too quickly
2024-12-15 09:11:10,135 WARN received SIGQUIT indicating exit request
2024-12-15 09:11:10,137 INFO waiting for php-fpm to die
2024-12-15 09:11:10,164 INFO stopped: php-fpm (exit status 0)
2024-12-15 09:12:30,683 CRIT Supervisor is running as root.  Privileges were not dropped because no user is specified in the config file.  If you intend to run as root, you can set user=root in the config file to avoid this message.
2024-12-15 09:12:30,688 INFO supervisord started with pid 1
2024-12-15 09:12:31,690 INFO spawned: 'nginx' with pid 7
2024-12-15 09:12:31,693 INFO spawned: 'php-fpm' with pid 8
2024-12-15 09:12:31,700 WARN exited: nginx (exit status 1; not expected)
2024-12-15 09:12:32,718 INFO spawned: 'nginx' with pid 11
2024-12-15 09:12:32,719 INFO success: php-fpm entered RUNNING state, process has stayed up for > than 1 seconds (startsecs)
2024-12-15 09:12:32,723 WARN exited: nginx (exit status 1; not expected)
2024-12-15 09:12:34,728 INFO spawned: 'nginx' with pid 12
2024-12-15 09:12:34,735 WARN exited: nginx (exit status 1; not expected)
2024-12-15 09:12:37,741 INFO spawned: 'nginx' with pid 13
2024-12-15 09:12:37,749 WARN exited: nginx (exit status 1; not expected)
2024-12-15 09:12:37,750 INFO gave up: nginx entered FATAL state, too many start retries too quickly
2024-12-15 09:13:15,803 WARN received SIGQUIT indicating exit request
2024-12-15 09:13:15,804 INFO waiting for php-fpm to die
2024-12-15 09:13:15,808 INFO stopped: php-fpm (exit status 0)
2024-12-15 09:14:04,804 CRIT Supervisor is running as root.  Privileges were not dropped because no user is specified in the config file.  If you intend to run as root, you can set user=root in the config file to avoid this message.
2024-12-15 09:14:04,812 INFO supervisord started with pid 1
2024-12-15 09:14:05,815 INFO spawned: 'nginx' with pid 7
2024-12-15 09:14:05,817 INFO spawned: 'php-fpm' with pid 8
2024-12-15 09:14:05,828 WARN exited: nginx (exit status 1; not expected)
2024-12-15 09:14:06,919 INFO spawned: 'nginx' with pid 11
2024-12-15 09:14:06,921 INFO success: php-fpm entered RUNNING state, process has stayed up for > than 1 seconds (startsecs)
2024-12-15 09:14:06,929 WARN exited: nginx (exit status 1; not expected)
2024-12-15 09:14:08,935 INFO spawned: 'nginx' with pid 12
2024-12-15 09:14:08,940 WARN exited: nginx (exit status 1; not expected)
2024-12-15 09:14:11,947 INFO spawned: 'nginx' with pid 13
2024-12-15 09:14:11,955 WARN exited: nginx (exit status 1; not expected)
2024-12-15 09:14:12,957 INFO gave up: nginx entered FATAL state, too many start retries too quickly
2024-12-15 09:14:19,966 WARN received SIGQUIT indicating exit request
2024-12-15 09:14:19,967 INFO waiting for php-fpm to die
2024-12-15 09:14:19,990 INFO stopped: php-fpm (exit status 0)
2024-12-15 09:23:00,226 CRIT Supervisor is running as root.  Privileges were not dropped because no user is specified in the config file.  If you intend to run as root, you can set user=root in the config file to avoid this message.
2024-12-15 09:23:00,265 INFO supervisord started with pid 1
2024-12-15 09:23:01,268 INFO spawned: 'nginx' with pid 6
2024-12-15 09:23:01,270 INFO spawned: 'php-fpm' with pid 7
2024-12-15 09:23:01,280 WARN exited: nginx (exit status 1; not expected)
2024-12-15 09:23:02,381 INFO spawned: 'nginx' with pid 10
2024-12-15 09:23:02,382 INFO success: php-fpm entered RUNNING state, process has stayed up for > than 1 seconds (startsecs)
2024-12-15 09:23:02,388 WARN exited: nginx (exit status 1; not expected)
2024-12-15 09:23:04,392 INFO spawned: 'nginx' with pid 11
2024-12-15 09:23:04,396 WARN exited: nginx (exit status 1; not expected)
2024-12-15 09:23:07,401 INFO spawned: 'nginx' with pid 12
2024-12-15 09:23:07,408 WARN exited: nginx (exit status 1; not expected)
2024-12-15 09:23:07,408 INFO gave up: nginx entered FATAL state, too many start retries too quickly
2024-12-15 09:25:29,520 WARN received SIGQUIT indicating exit request
2024-12-15 09:25:29,521 INFO waiting for php-fpm to die
2024-12-15 09:25:29,540 INFO stopped: php-fpm (exit status 0)
2024-12-15 09:25:34,196 CRIT Supervisor is running as root.  Privileges were not dropped because no user is specified in the config file.  If you intend to run as root, you can set user=root in the config file to avoid this message.
2024-12-15 09:25:34,205 INFO supervisord started with pid 1
2024-12-15 09:25:35,209 INFO spawned: 'nginx' with pid 7
2024-12-15 09:25:35,211 INFO spawned: 'php-fpm' with pid 8
2024-12-15 09:25:35,219 WARN exited: nginx (exit status 1; not expected)
2024-12-15 09:25:36,259 INFO spawned: 'nginx' with pid 11
2024-12-15 09:25:36,260 INFO success: php-fpm entered RUNNING state, process has stayed up for > than 1 seconds (startsecs)
2024-12-15 09:25:36,264 WARN exited: nginx (exit status 1; not expected)
2024-12-15 09:25:38,268 INFO spawned: 'nginx' with pid 12
2024-12-15 09:25:38,272 WARN exited: nginx (exit status 1; not expected)
2024-12-15 09:25:41,277 INFO spawned: 'nginx' with pid 13
2024-12-15 09:25:41,282 WARN exited: nginx (exit status 1; not expected)
2024-12-15 09:25:42,284 INFO gave up: nginx entered FATAL state, too many start retries too quickly
2024-12-15 09:27:19,034 WARN received SIGQUIT indicating exit request
2024-12-15 09:27:19,035 INFO waiting for php-fpm to die
2024-12-15 09:27:19,053 INFO stopped: php-fpm (exit status 0)
2024-12-15 09:29:06,425 CRIT Supervisor is running as root.  Privileges were not dropped because no user is specified in the config file.  If you intend to run as root, you can set user=root in the config file to avoid this message.
2024-12-15 09:29:06,442 INFO supervisord started with pid 1
2024-12-15 09:29:07,447 INFO spawned: 'nginx' with pid 7
2024-12-15 09:29:07,451 INFO spawned: 'php-fpm' with pid 8
2024-12-15 09:29:07,459 WARN exited: nginx (exit status 1; not expected)
2024-12-15 09:29:08,711 INFO spawned: 'nginx' with pid 11
2024-12-15 09:29:08,712 INFO success: php-fpm entered RUNNING state, process has stayed up for > than 1 seconds (startsecs)
2024-12-15 09:29:08,716 WARN exited: nginx (exit status 1; not expected)
2024-12-15 09:29:10,720 INFO spawned: 'nginx' with pid 12
2024-12-15 09:29:10,727 WARN exited: nginx (exit status 1; not expected)
2024-12-15 09:29:13,733 INFO spawned: 'nginx' with pid 13
2024-12-15 09:29:13,739 WARN exited: nginx (exit status 1; not expected)
2024-12-15 09:29:13,740 INFO gave up: nginx entered FATAL state, too many start retries too quickly
2024-12-15 10:04:22,068 WARN received SIGQUIT indicating exit request
2024-12-15 10:04:22,091 INFO waiting for php-fpm to die
2024-12-15 10:04:22,102 INFO stopped: php-fpm (exit status 0)
2024-12-15 10:05:08,153 CRIT Supervisor is running as root.  Privileges were not dropped because no user is specified in the config file.  If you intend to run as root, you can set user=root in the config file to avoid this message.
2024-12-15 10:05:08,161 INFO supervisord started with pid 1
2024-12-15 10:05:09,164 INFO spawned: 'nginx' with pid 7
2024-12-15 10:05:09,166 INFO spawned: 'php-fpm' with pid 8
2024-12-15 10:05:09,179 WARN exited: nginx (exit status 1; not expected)
2024-12-15 10:05:10,248 INFO spawned: 'nginx' with pid 11
2024-12-15 10:05:10,249 INFO success: php-fpm entered RUNNING state, process has stayed up for > than 1 seconds (startsecs)
2024-12-15 10:05:10,252 WARN exited: nginx (exit status 1; not expected)
2024-12-15 10:05:12,256 INFO spawned: 'nginx' with pid 12
2024-12-15 10:05:12,262 WARN exited: nginx (exit status 1; not expected)
2024-12-15 10:05:15,275 INFO spawned: 'nginx' with pid 13
2024-12-15 10:05:15,282 WARN exited: nginx (exit status 1; not expected)
2024-12-15 10:05:16,284 INFO gave up: nginx entered FATAL state, too many start retries too quickly
2024-12-15 10:08:52,542 WARN received SIGQUIT indicating exit request
2024-12-15 10:08:52,544 INFO waiting for php-fpm to die
2024-12-15 10:08:52,556 INFO stopped: php-fpm (exit status 0)
2024-12-15 10:09:00,070 CRIT Supervisor is running as root.  Privileges were not dropped because no user is specified in the config file.  If you intend to run as root, you can set user=root in the config file to avoid this message.
2024-12-15 10:09:00,075 INFO supervisord started with pid 1
2024-12-15 10:09:01,079 INFO spawned: 'nginx' with pid 7
2024-12-15 10:09:01,081 INFO spawned: 'php-fpm' with pid 8
2024-12-15 10:09:01,109 WARN exited: nginx (exit status 1; not expected)
2024-12-15 10:09:02,114 INFO spawned: 'nginx' with pid 11
2024-12-15 10:09:02,115 INFO success: php-fpm entered RUNNING state, process has stayed up for > than 1 seconds (startsecs)
2024-12-15 10:09:02,121 WARN exited: nginx (exit status 1; not expected)
2024-12-15 10:09:04,126 INFO spawned: 'nginx' with pid 12
2024-12-15 10:09:04,133 WARN exited: nginx (exit status 1; not expected)
2024-12-15 10:09:07,139 INFO spawned: 'nginx' with pid 13
2024-12-15 10:09:07,144 WARN exited: nginx (exit status 1; not expected)
2024-12-15 10:09:08,146 INFO gave up: nginx entered FATAL state, too many start retries too quickly
2024-12-15 10:14:42,715 WARN received SIGQUIT indicating exit request
2024-12-15 10:14:42,721 INFO waiting for php-fpm to die
2024-12-15 10:14:42,752 INFO stopped: php-fpm (exit status 0)
2024-12-15 10:15:01,108 CRIT Supervisor is running as root.  Privileges were not dropped because no user is specified in the config file.  If you intend to run as root, you can set user=root in the config file to avoid this message.
2024-12-15 10:15:01,120 INFO supervisord started with pid 1
2024-12-15 10:15:02,122 INFO spawned: 'nginx' with pid 7
2024-12-15 10:15:02,128 INFO spawned: 'php-fpm' with pid 8
2024-12-15 10:15:02,138 WARN exited: nginx (exit status 1; not expected)
2024-12-15 10:15:03,205 INFO spawned: 'nginx' with pid 11
2024-12-15 10:15:03,206 INFO success: php-fpm entered RUNNING state, process has stayed up for > than 1 seconds (startsecs)
2024-12-15 10:15:03,209 WARN exited: nginx (exit status 1; not expected)
2024-12-15 10:15:05,215 INFO spawned: 'nginx' with pid 12
2024-12-15 10:15:05,222 WARN exited: nginx (exit status 1; not expected)
2024-12-15 10:15:08,238 INFO spawned: 'nginx' with pid 13
2024-12-15 10:15:08,244 WARN exited: nginx (exit status 1; not expected)
2024-12-15 10:15:09,245 INFO gave up: nginx entered FATAL state, too many start retries too quickly
2024-12-15 10:15:56,304 WARN received SIGQUIT indicating exit request
2024-12-15 10:15:56,308 INFO waiting for php-fpm to die
2024-12-15 10:15:56,315 INFO stopped: php-fpm (exit status 0)
2024-12-15 10:17:04,618 CRIT Supervisor is running as root.  Privileges were not dropped because no user is specified in the config file.  If you intend to run as root, you can set user=root in the config file to avoid this message.
2024-12-15 10:17:04,625 INFO supervisord started with pid 1
2024-12-15 10:17:05,626 INFO spawned: 'nginx' with pid 7
2024-12-15 10:17:05,628 INFO spawned: 'php-fpm' with pid 8
2024-12-15 10:17:05,631 WARN exited: nginx (exit status 1; not expected)
2024-12-15 10:17:06,656 INFO spawned: 'nginx' with pid 11
2024-12-15 10:17:06,661 INFO success: php-fpm entered RUNNING state, process has stayed up for > than 1 seconds (startsecs)
2024-12-15 10:17:06,665 WARN exited: nginx (exit status 1; not expected)
2024-12-15 10:17:08,681 INFO spawned: 'nginx' with pid 12
2024-12-15 10:17:08,687 WARN exited: nginx (exit status 1; not expected)
2024-12-15 10:17:11,693 INFO spawned: 'nginx' with pid 13
2024-12-15 10:17:11,697 WARN exited: nginx (exit status 1; not expected)
2024-12-15 10:17:12,699 INFO gave up: nginx entered FATAL state, too many start retries too quickly
2024-12-15 10:19:58,897 WARN received SIGQUIT indicating exit request
2024-12-15 10:19:58,898 INFO waiting for php-fpm to die
2024-12-15 10:19:58,905 INFO stopped: php-fpm (exit status 0)
2024-12-15 10:20:04,547 CRIT Supervisor is running as root.  Privileges were not dropped because no user is specified in the config file.  If you intend to run as root, you can set user=root in the config file to avoid this message.
2024-12-15 10:20:04,553 INFO supervisord started with pid 1
2024-12-15 10:20:05,556 INFO spawned: 'nginx' with pid 7
2024-12-15 10:20:05,560 INFO spawned: 'php-fpm' with pid 8
2024-12-15 10:20:05,566 WARN exited: nginx (exit status 1; not expected)
2024-12-15 10:20:06,590 INFO spawned: 'nginx' with pid 11
2024-12-15 10:20:06,592 INFO success: php-fpm entered RUNNING state, process has stayed up for > than 1 seconds (startsecs)
2024-12-15 10:20:06,595 WARN exited: nginx (exit status 1; not expected)
2024-12-15 10:20:08,599 INFO spawned: 'nginx' with pid 12
2024-12-15 10:20:08,603 WARN exited: nginx (exit status 1; not expected)
2024-12-15 10:20:11,609 INFO spawned: 'nginx' with pid 13
2024-12-15 10:20:11,614 WARN exited: nginx (exit status 1; not expected)
2024-12-15 10:20:12,616 INFO gave up: nginx entered FATAL state, too many start retries too quickly
2024-12-15 13:12:21,004 WARN received SIGQUIT indicating exit request
2024-12-15 13:12:21,036 INFO waiting for php-fpm to die
2024-12-15 13:12:21,089 INFO stopped: php-fpm (exit status 0)
2024-12-16 23:37:37,482 CRIT Supervisor is running as root.  Privileges were not dropped because no user is specified in the config file.  If you intend to run as root, you can set user=root in the config file to avoid this message.
2024-12-16 23:37:37,491 INFO supervisord started with pid 1
2024-12-16 23:37:38,496 INFO spawned: 'nginx' with pid 7
2024-12-16 23:37:38,498 INFO spawned: 'php-fpm' with pid 8
2024-12-16 23:37:38,510 WARN exited: nginx (exit status 1; not expected)
2024-12-16 23:37:39,635 INFO spawned: 'nginx' with pid 11
2024-12-16 23:37:39,649 INFO success: php-fpm entered RUNNING state, process has stayed up for > than 1 seconds (startsecs)
2024-12-16 23:37:39,657 WARN exited: nginx (exit status 1; not expected)
2024-12-16 23:37:41,663 INFO spawned: 'nginx' with pid 12
2024-12-16 23:37:41,781 WARN exited: nginx (exit status 1; not expected)
2024-12-16 23:37:44,896 INFO spawned: 'nginx' with pid 13
2024-12-16 23:37:45,093 WARN exited: nginx (exit status 1; not expected)
2024-12-16 23:37:46,104 INFO gave up: nginx entered FATAL state, too many start retries too quickly
2024-12-17 01:44:14,062 WARN received SIGQUIT indicating exit request
2024-12-17 01:44:14,082 INFO waiting for php-fpm to die
2024-12-17 01:44:14,147 INFO stopped: php-fpm (exit status 0)
2024-12-18 12:28:29,835 CRIT Supervisor is running as root.  Privileges were not dropped because no user is specified in the config file.  If you intend to run as root, you can set user=root in the config file to avoid this message.
2024-12-18 12:28:29,843 INFO supervisord started with pid 1
2024-12-18 12:28:30,847 INFO spawned: 'nginx' with pid 7
2024-12-18 12:28:30,849 INFO spawned: 'php-fpm' with pid 8
2024-12-18 12:28:30,864 WARN exited: nginx (exit status 1; not expected)
2024-12-18 12:28:31,993 INFO spawned: 'nginx' with pid 11
2024-12-18 12:28:31,994 INFO success: php-fpm entered RUNNING state, process has stayed up for > than 1 seconds (startsecs)
2024-12-18 12:28:31,997 WARN exited: nginx (exit status 1; not expected)
2024-12-18 12:28:34,001 INFO spawned: 'nginx' with pid 12
2024-12-18 12:28:34,005 WARN exited: nginx (exit status 1; not expected)
2024-12-18 12:28:37,012 INFO spawned: 'nginx' with pid 13
2024-12-18 12:28:37,020 WARN exited: nginx (exit status 1; not expected)
2024-12-18 12:28:38,022 INFO gave up: nginx entered FATAL state, too many start retries too quickly
2024-12-18 12:43:40,466 WARN received SIGQUIT indicating exit request
2024-12-18 12:43:40,467 INFO waiting for php-fpm to die
2024-12-18 12:43:40,486 INFO stopped: php-fpm (exit status 0)
2024-12-19 06:07:14,049 CRIT Supervisor is running as root.  Privileges were not dropped because no user is specified in the config file.  If you intend to run as root, you can set user=root in the config file to avoid this message.
2024-12-19 06:07:14,084 INFO supervisord started with pid 1
2024-12-19 06:07:15,092 INFO spawned: 'nginx' with pid 7
2024-12-19 06:07:15,097 INFO spawned: 'php-fpm' with pid 8
2024-12-19 06:07:15,106 WARN exited: nginx (exit status 1; not expected)
2024-12-19 06:07:16,182 INFO spawned: 'nginx' with pid 11
2024-12-19 06:07:16,183 INFO success: php-fpm entered RUNNING state, process has stayed up for > than 1 seconds (startsecs)
2024-12-19 06:07:16,186 WARN exited: nginx (exit status 1; not expected)
2024-12-19 06:07:18,191 INFO spawned: 'nginx' with pid 12
2024-12-19 06:07:18,194 WARN exited: nginx (exit status 1; not expected)
2024-12-19 06:07:21,202 INFO spawned: 'nginx' with pid 13
2024-12-19 06:07:21,211 WARN exited: nginx (exit status 1; not expected)
2024-12-19 06:07:22,213 INFO gave up: nginx entered FATAL state, too many start retries too quickly
2024-12-19 09:34:38,007 WARN received SIGQUIT indicating exit request
2024-12-19 09:34:38,014 INFO waiting for php-fpm to die
2024-12-19 09:34:38,079 INFO stopped: php-fpm (exit status 0)
2024-12-20 11:55:31,522 CRIT Supervisor is running as root.  Privileges were not dropped because no user is specified in the config file.  If you intend to run as root, you can set user=root in the config file to avoid this message.
2024-12-20 11:55:31,530 INFO supervisord started with pid 1
2024-12-20 11:55:32,535 INFO spawned: 'nginx' with pid 7
2024-12-20 11:55:32,538 INFO spawned: 'php-fpm' with pid 8
2024-12-20 11:55:32,546 WARN exited: nginx (exit status 1; not expected)
2024-12-20 11:55:33,630 INFO spawned: 'nginx' with pid 11
2024-12-20 11:55:33,632 INFO success: php-fpm entered RUNNING state, process has stayed up for > than 1 seconds (startsecs)
2024-12-20 11:55:33,637 WARN exited: nginx (exit status 1; not expected)
2024-12-20 11:55:35,643 INFO spawned: 'nginx' with pid 12
2024-12-20 11:55:35,649 WARN exited: nginx (exit status 1; not expected)
2024-12-20 11:55:38,655 INFO spawned: 'nginx' with pid 13
2024-12-20 11:55:38,660 WARN exited: nginx (exit status 1; not expected)
2024-12-20 11:55:39,662 INFO gave up: nginx entered FATAL state, too many start retries too quickly
2024-12-20 16:27:24,356 WARN received SIGQUIT indicating exit request
2024-12-20 16:27:24,401 INFO waiting for php-fpm to die
2024-12-20 16:27:24,470 INFO stopped: php-fpm (exit status 0)
2024-12-21 03:14:42,804 CRIT Supervisor is running as root.  Privileges were not dropped because no user is specified in the config file.  If you intend to run as root, you can set user=root in the config file to avoid this message.
2024-12-21 03:14:42,838 INFO supervisord started with pid 1
2024-12-21 03:14:43,850 INFO spawned: 'nginx' with pid 7
2024-12-21 03:14:43,855 INFO spawned: 'php-fpm' with pid 8
2024-12-21 03:14:43,864 WARN exited: nginx (exit status 1; not expected)
2024-12-21 03:14:45,004 INFO spawned: 'nginx' with pid 11
2024-12-21 03:14:45,007 INFO success: php-fpm entered RUNNING state, process has stayed up for > than 1 seconds (startsecs)
2024-12-21 03:14:45,011 WARN exited: nginx (exit status 1; not expected)
2024-12-21 03:14:47,015 INFO spawned: 'nginx' with pid 12
2024-12-21 03:14:47,037 WARN exited: nginx (exit status 1; not expected)
2024-12-21 03:14:50,047 INFO spawned: 'nginx' with pid 13
2024-12-21 03:14:50,052 WARN exited: nginx (exit status 1; not expected)
2024-12-21 03:14:51,054 INFO gave up: nginx entered FATAL state, too many start retries too quickly
2024-12-21 04:22:57,445 WARN received SIGQUIT indicating exit request
2024-12-21 04:22:57,449 INFO waiting for php-fpm to die
2024-12-21 04:22:58,493 INFO stopped: php-fpm (exit status 0)
